Arguments: 
  C:\Program Files\nodejs\node.exe C:\Users\Kondwerani Kamsesa\AppData\Roaming\npm\node_modules\yarn\bin\yarn.js

PATH: 
  C:\Users\Kondwerani Kamsesa\AppData\Local\Programs\Python\Python310\Scripts\;C:\Users\Kondwerani Kamsesa\AppData\Local\Programs\Python\Python310\;C:\WINDOWS\system32;C:\WINDOWS;C:\WINDOWS\System32\Wbem;C:\WINDOWS\System32\WindowsPowerShell\v1.0\;C:\WINDOWS\System32\OpenSSH\;C:\Program Files\PuTTY\;C:\ProgramData\chocolatey\bin;C:\Users\Kondwerani Kamsesa\AppData\Local\Android\Sdk\platform-tools;C:\Program Files\OpenSSH-Win64;C:\Program Files\Git\cmd;C:\Users\Kondwerani Kamsesa\AppData\Local\Android\Sdk\emulator;C:\Program Files\nodejs\;C:\Program Files\MySQL\MySQL Server 8.0\bin;C:\Program Files\MySQL\MySQL Shell 8.0\bin\;C:\Users\Kondwerani Kamsesa\AppData\Local\Microsoft\WindowsApps;C:\Users\Kondwerani Kamsesa\AppData\Local\Programs\Microsoft VS Code\bin;C:\Users\Kondwerani Kamsesa\AppData\Local\GitHubDesktop\bin;C:\Users\Kondwerani Kamsesa\AppData\Roaming\npm

Yarn version: 
  1.22.17

Node version: 
  16.13.0

Platform: 
  win32 x64

Trace: 
  Error: connect EHOSTUNREACH 104.16.17.35:443
      at TCPConnectWrap.afterConnect [as oncomplete] (node:net:1161:16)

npm manifest: 
  {
    "main": "node_modules/expo/AppEntry.js",
    "scripts": {
      "start": "expo start",
      "android": "expo start --android",
      "ios": "expo start --ios",
      "web": "expo start --web",
      "eject": "expo eject"
    },
    "dependencies": {
      "@react-native-community/masked-view": "0.1.6",
      "@react-navigation/bottom-tabs": "^5.4.4",
      "@react-navigation/native": "^5.3.2",
      "@react-navigation/stack": "^5.3.5",
      "apisauce": "^1.1.1",
      "expo": "~37.0.3",
      "expo-constants": "^9.0.0",
      "expo-image-picker": "~8.1.0",
      "expo-location": "~8.1.0",
      "expo-permissions": "~8.1.0",
      "formik": "^2.1.4",
      "lottie-react-native": "~2.6.1",
      "react": "~16.9.0",
      "react-dom": "~16.9.0",
      "react-native": "https://github.com/expo/react-native/archive/sdk-37.0.1.tar.gz",
      "react-native-gesture-handler": "~1.6.0",
      "react-native-progress": "^4.1.2",
      "react-native-reanimated": "~1.7.0",
      "react-native-safe-area-context": "0.7.3",
      "react-native-screens": "~2.2.0",
      "react-native-web": "~0.11.7",
      "yup": "^0.28.5"
    },
    "devDependencies": {
      "babel-preset-expo": "~8.1.0",
      "@babel/core": "^7.8.6"
    },
    "private": true
  }

yarn manifest: 
  No manifest

Lockfile: 
  No lockfile
